<?xml version="1.0" encoding="UTF-8"?>
<!-- Generated by org.testng.reporters.JUnitReportReporter -->
<testsuite skipped="0" hostname="DESKTOP-B2E274S" name="testCases.LoginPage_TC" tests="1" failures="0" timestamp="2020-10-08T21:09:40 GMT+05:30" time="10.023" errors="0">
  <testcase name="loginTest" time="10.023" classname="testCases.LoginPage_TC"/>
  <system-out/>
</testsuite> <!-- testCases.LoginPage_TC -->
